MoHoLocal Screenshot Signal Processor
Run started: 2026-03-11T22:41:00.353Z
Worker: https://moho-ingestion.dsovan2004.workers.dev
────────────────────────────────────────

Files scanned: 6
Image files found: 4

── Screenshot 2026-03-11 at 3.33.01 PM.png ──────────────────────────────
  OCR starting…
  OCR done — 1230 chars, confidence 34.0%
  Classification: community_tip (confidence 0.4)
  City: (unknown — will need review)
  Title: «< > C 25 facebook.com/groups/MountainHouse
  POSTing to /submit-signal…
  ✅ Submitted — submission_id: 286ea632-e0da-429b-b136-ab0b48915e21
  → moved to processed/

── Screenshot 2026-03-11 at 3.33.19 PM.png ──────────────────────────────
  OCR starting…
  OCR done — 694 chars, confidence 70.0%
  Classification: business_update (confidence 0.75)
  City: Mountain House
  Title: <«< > C 25 facebook.com/groups/MountainHouse
  POSTing to /submit-signal…
  ✅ Submitted — submission_id: b4624853-189e-4632-b0f3-8f5e3a7223eb
  → moved to processed/

── Screenshot 2026-03-11 at 3.33.39 PM.png ──────────────────────────────
  OCR starting…
  OCR done — 196 chars, confidence 68.0%
  Classification: community_tip (confidence 0.9)
  City: Tracy
  Title: «< -> C 25 facebook.com/groups/MountainHouse
  POSTing to /submit-signal…
  ✅ Submitted — submission_id: af8a9121-5baa-4155-a8d6-8255ed878021
  → moved to processed/

── Screenshot 2026-03-11 at 3.34.00 PM.png ──────────────────────────────
  OCR starting…
  OCR done — 698 chars, confidence 42.0%
  Classification: community_tip (confidence 0.4)
  City: Mountain House
  Title: - Cc 25 facebook.com/groups/MountainHouse
  POSTing to /submit-signal…
  ✅ Submitted — submission_id: e4d6096c-3ad8-408a-9d97-38ce50a36615
  → moved to processed/

────────────────────────────────────────
Run complete: 2026-03-11T22:41:11.717Z
  Scanned:   4
  Submitted: 4
  Failed:    0
  Skipped:   0
